<?xml version="1.0" encoding="UTF-8"?>
<!-- Generated by org.testng.reporters.JUnitReportReporter -->
<testsuite skipped="0" hostname="NBDM11C-096" name="com.Xing.Access.Parameter.LoginXingParam" tests="3" failures="0" timestamp="2022-11-08T14:55:09 GMT" time="63.062" errors="0">
  <testcase name="xing" time="20.033" classname="com.Xing.Access.Parameter.LoginXingParam"/>
  <system-out/>
  <testcase name="xing" time="21.583" classname="com.Xing.Access.Parameter.LoginXingParam"/>
  <system-out/>
  <testcase name="xing" time="21.446" classname="com.Xing.Access.Parameter.LoginXingParam"/>
  <system-out/>
</testsuite> <!-- com.Xing.Access.Parameter.LoginXingParam -->
